<?xml version="1.0" encoding="UTF-8"?>
<!-- Generated by org.testng.reporters.JUnitReportReporter -->
<testsuite hostname="Udit-078.local" failures="0" tests="1" name="com.TestCase.Purchase_APITestCases" time="2.408" errors="0" timestamp="2023-02-15T12:15:18 IST" skipped="0">
  <testcase classname="com.TestCase.Purchase_APITestCases" name="AddSingleProduct" time="2.408"/>
  <system-out/>
</testsuite> <!-- com.TestCase.Purchase_APITestCases -->
