<?xml version="1.0" encoding="UTF-8"?>
<!-- Generated by org.testng.reporters.JUnitReportReporter -->
<testsuite hostname="ip-192-168-0-105.ap-south-1.compute.internal" failures="0" tests="6" name="com.TestCase.FiestTestCases" time="6.119" errors="0" timestamp="2022-12-27T13:36:35 IST" skipped="0">
  <testcase classname="com.TestCase.FiestTestCases" name="verify_the_categories_APITEST" time="0.815"/>
  <system-out/>
  <testcase classname="com.TestCase.FiestTestCases" name="firstTest" time="0.743"/>
  <system-out/>
  <testcase classname="com.TestCase.FiestTestCases" name="verify_OTP_with_valid_credentials_APITEST" time="1.899"/>
  <system-out/>
  <testcase classname="com.TestCase.FiestTestCases" name="Check_entityId_of_the_user" time="1.144"/>
  <system-out/>
  <testcase classname="com.TestCase.FiestTestCases" name="dataBase" time="0.826"/>
  <system-out/>
  <testcase classname="com.TestCase.FiestTestCases" name="generate_OTP_APITEST" time="0.692"/>
  <system-out/>
</testsuite> <!-- com.TestCase.FiestTestCases -->
