<?xml version="1.0" encoding="UTF-8"?>
<!-- Generated by org.testng.reporters.JUnitReportReporter -->
<testsuite hostname="HONASAs-MacBook-Pro.local" failures="0" tests="1" name="com.TestCase.FiestTestCases" time="0.568" errors="0" timestamp="2022-12-26T23:48:07 IST" skipped="0">
  <testcase classname="com.TestCase.FiestTestCases" name="Check_entityId_of_the_user" time="0.568"/>
  <system-out/>
</testsuite> <!-- com.TestCase.FiestTestCases -->
