<?xml version="1.0" encoding="UTF-8"?>
<!-- Generated by org.testng.reporters.JUnitReportReporter -->
<testsuite hostname="Udit-078.local" failures="0" tests="2" name="com.TestCase.UserAddress_APITestCases" time="1.441" errors="0" timestamp="2023-02-15T16:38:00 IST" skipped="0">
  <testcase classname="com.TestCase.UserAddress_APITestCases" name="getUserAddress" time="0.184"/>
  <system-out/>
  <testcase classname="com.TestCase.UserAddress_APITestCases" name="Test_UserAddress_DeleteExistingAddress" time="1.257"/>
  <system-out/>
</testsuite> <!-- com.TestCase.UserAddress_APITestCases -->
